  pch.cpp
  _WIN32_WINNT not defined. Defaulting to _WIN32_WINNT_MAXVER (see WinSDKVer.h)
  CommandAliasDlg.cpp
  FileBrowserDlg.cpp
C:\Users\willh\source\repos\willyh15\PATH-EASY\CommandAliasManager\src\CommandAliasDlg.cpp(1,10): error C1083: Cannot open include file: 'pch.h': No such file or directory
  _WIN32_WINNT not defined. Defaulting to _WIN32_WINNT_MAXVER (see WinSDKVer.h)
C:\Users\willh\source\repos\willyh15\PATH-EASY\CommandAliasManager\src\FileBrowserDlg.cpp(4,1): error C2653: 'FileBrowserDlg': is not a class or namespace name
C:\Users\willh\source\repos\willyh15\PATH-EASY\CommandAliasManager\src\FileBrowserDlg.cpp(4,1): error C2270: 'GetMessageMap': modifiers not allowed on nonmember functions
C:\Users\willh\source\repos\willyh15\PATH-EASY\CommandAliasManager\src\FileBrowserDlg.cpp(4,1): error C3861: 'GetThisMessageMap': identifier not found
C:\Users\willh\source\repos\willyh15\PATH-EASY\CommandAliasManager\src\FileBrowserDlg.cpp(4,1): error C4430: missing type specifier - int assumed. Note: C++ does not support default-int
C:\Users\willh\source\repos\willyh15\PATH-EASY\CommandAliasManager\src\FileBrowserDlg.cpp(4,1): error C2146: syntax error: missing ';' before identifier 'ThisClass'
C:\Users\willh\source\repos\willyh15\PATH-EASY\CommandAliasManager\src\FileBrowserDlg.cpp(4,1): error C2065: 'ThisClass': undeclared identifier
C:\Users\willh\source\repos\willyh15\PATH-EASY\CommandAliasManager\src\FileBrowserDlg.cpp(4,1): error C2146: syntax error: missing ';' before identifier 'TheBaseClass'
C:\Users\willh\source\repos\willyh15\PATH-EASY\CommandAliasManager\src\FileBrowserDlg.cpp(4,1): error C2065: 'TheBaseClass': undeclared identifier
C:\Users\willh\source\repos\willyh15\PATH-EASY\CommandAliasManager\src\FileBrowserDlg.cpp(5,5): error C2065: 'IDC_BROWSE_BUTTON': undeclared identifier
C:\Users\willh\source\repos\willyh15\PATH-EASY\CommandAliasManager\src\FileBrowserDlg.cpp(5,5): error C2825: 'GetThisMessageMap::FileBrowserDlg': must be a class or namespace when followed by '::'
C:\Users\willh\source\repos\willyh15\PATH-EASY\CommandAliasManager\src\FileBrowserDlg.cpp(5,5): error C2510: 'FileBrowserDlg': left of '::' must be a class/struct/union
C:\Users\willh\source\repos\willyh15\PATH-EASY\CommandAliasManager\src\FileBrowserDlg.cpp(5,5): error C2065: 'OnBrowse': undeclared identifier
C:\Users\willh\source\repos\willyh15\PATH-EASY\CommandAliasManager\src\FileBrowserDlg.cpp(4,1): error C2737: '_messageEntries': const object must be initialized
C:\Users\willh\source\repos\willyh15\PATH-EASY\CommandAliasManager\src\FileBrowserDlg.cpp(6,1): error C2653: 'TheBaseClass': is not a class or namespace name
C:\Users\willh\source\repos\willyh15\PATH-EASY\CommandAliasManager\src\FileBrowserDlg.cpp(6,1): error C2737: 'messageMap': const object must be initialized
C:\Users\willh\source\repos\willyh15\PATH-EASY\CommandAliasManager\src\FileBrowserDlg.cpp(8,1): error C2653: 'FileBrowserDlg': is not a class or namespace name
C:\Users\willh\source\repos\willyh15\PATH-EASY\CommandAliasManager\src\FileBrowserDlg.cpp(8,17): error C4430: missing type specifier - int assumed. Note: C++ does not support default-int
C:\Users\willh\source\repos\willyh15\PATH-EASY\CommandAliasManager\src\FileBrowserDlg.cpp(9,17): error C2065: 'IDD_FILEBROWSERDIALOG': undeclared identifier
C:\Users\willh\source\repos\willyh15\PATH-EASY\CommandAliasManager\src\FileBrowserDlg.cpp(10,1): error C2550: 'FileBrowserDlg': constructor initializer lists are only allowed on constructor definitions
C:\Users\willh\source\repos\willyh15\PATH-EASY\CommandAliasManager\src\FileBrowserDlg.cpp(11,1): warning C4508: 'FileBrowserDlg': function should return a value; 'void' return type assumed
C:\Users\willh\source\repos\willyh15\PATH-EASY\CommandAliasManager\src\FileBrowserDlg.cpp(13,6): error C2653: 'FileBrowserDlg': is not a class or namespace name
C:\Users\willh\source\repos\willyh15\PATH-EASY\CommandAliasManager\src\FileBrowserDlg.cpp(15,5): error C2653: 'CDialogEx': is not a class or namespace name
C:\Users\willh\source\repos\willyh15\PATH-EASY\CommandAliasManager\src\FileBrowserDlg.cpp(18,6): error C2653: 'FileBrowserDlg': is not a class or namespace name
C:\Users\willh\source\repos\willyh15\PATH-EASY\CommandAliasManager\src\FileBrowserDlg.cpp(20,5): error C2653: 'CDialogEx': is not a class or namespace name
C:\Users\willh\source\repos\willyh15\PATH-EASY\CommandAliasManager\src\FileBrowserDlg.cpp(24,6): error C2653: 'FileBrowserDlg': is not a class or namespace name
  MainDlg.cpp
/src/MainDlg.cpp(1,1): error C1083: Cannot open source file: 'src\MainDlg.cpp': No such file or directory
  (compiling source file '/src/MainDlg.cpp')
  
  PreferencesDlg.cpp
  _WIN32_WINNT not defined. Defaulting to _WIN32_WINNT_MAXVER (see WinSDKVer.h)
C:\Users\willh\source\repos\willyh15\PATH-EASY\CommandAliasManager\include\PreferencesDlg.h(5,32): error C2504: 'CDialogEx': base class undefined
  (compiling source file 'src/PreferencesDlg.cpp')
  
C:\Users\willh\source\repos\willyh15\PATH-EASY\CommandAliasManager\include\PreferencesDlg.h(9,18): error C2065: 'IDD_PREFERENCES_DIALOG': undeclared identifier
  (compiling source file 'src/PreferencesDlg.cpp')
  
C:\Users\willh\source\repos\willyh15\PATH-EASY\CommandAliasManager\include\PreferencesDlg.h(13,18): error C3668: 'CPreferencesDlg::DoDataExchange': method with override specifier 'override' did not override any base class methods
  (compiling source file 'src/PreferencesDlg.cpp')
  
C:\Users\willh\source\repos\willyh15\PATH-EASY\CommandAliasManager\include\PreferencesDlg.h(14,18): error C3668: 'CPreferencesDlg::OnInitDialog': method with override specifier 'override' did not override any base class methods
  (compiling source file 'src/PreferencesDlg.cpp')
  
C:\Users\willh\source\repos\willyh15\PATH-EASY\CommandAliasManager\include\PreferencesDlg.h(29,5): error C3668: 'CPreferencesDlg::GetMessageMap': method with override specifier 'override' did not override any base class methods
  (compiling source file 'src/PreferencesDlg.cpp')
  
C:\Users\willh\source\repos\willyh15\PATH-EASY\CommandAliasManager\src\PreferencesDlg.cpp(4,1): error C2653: 'PreferencesDlg': is not a class or namespace name
C:\Users\willh\source\repos\willyh15\PATH-EASY\CommandAliasManager\src\PreferencesDlg.cpp(4,1): error C2270: 'GetMessageMap': modifiers not allowed on nonmember functions
C:\Users\willh\source\repos\willyh15\PATH-EASY\CommandAliasManager\src\PreferencesDlg.cpp(4,1): error C3861: 'GetThisMessageMap': identifier not found
C:\Users\willh\source\repos\willyh15\PATH-EASY\CommandAliasManager\src\PreferencesDlg.cpp(4,1): error C4430: missing type specifier - int assumed. Note: C++ does not support default-int
C:\Users\willh\source\repos\willyh15\PATH-EASY\CommandAliasManager\src\PreferencesDlg.cpp(4,1): error C2146: syntax error: missing ';' before identifier 'ThisClass'
C:\Users\willh\source\repos\willyh15\PATH-EASY\CommandAliasManager\src\PreferencesDlg.cpp(4,1): error C2065: 'ThisClass': undeclared identifier
C:\Users\willh\source\repos\willyh15\PATH-EASY\CommandAliasManager\src\PreferencesDlg.cpp(4,1): error C2146: syntax error: missing ';' before identifier 'TheBaseClass'
C:\Users\willh\source\repos\willyh15\PATH-EASY\CommandAliasManager\src\PreferencesDlg.cpp(4,1): error C2065: 'TheBaseClass': undeclared identifier
C:\Users\willh\source\repos\willyh15\PATH-EASY\CommandAliasManager\src\PreferencesDlg.cpp(5,5): error C2065: 'IDC_SAVE_BUTTON': undeclared identifier
C:\Users\willh\source\repos\willyh15\PATH-EASY\CommandAliasManager\src\PreferencesDlg.cpp(5,5): error C2825: 'GetThisMessageMap::PreferencesDlg': must be a class or namespace when followed by '::'
C:\Users\willh\source\repos\willyh15\PATH-EASY\CommandAliasManager\src\PreferencesDlg.cpp(5,5): error C2510: 'PreferencesDlg': left of '::' must be a class/struct/union
C:\Users\willh\source\repos\willyh15\PATH-EASY\CommandAliasManager\src\PreferencesDlg.cpp(5,5): error C2065: 'OnSavePreferences': undeclared identifier
C:\Users\willh\source\repos\willyh15\PATH-EASY\CommandAliasManager\src\PreferencesDlg.cpp(4,1): error C2737: '_messageEntries': const object must be initialized
C:\Users\willh\source\repos\willyh15\PATH-EASY\CommandAliasManager\src\PreferencesDlg.cpp(6,1): error C2653: 'TheBaseClass': is not a class or namespace name
C:\Users\willh\source\repos\willyh15\PATH-EASY\CommandAliasManager\src\PreferencesDlg.cpp(6,1): error C2737: 'messageMap': const object must be initialized
C:\Users\willh\source\repos\willyh15\PATH-EASY\CommandAliasManager\src\PreferencesDlg.cpp(8,1): error C2653: 'PreferencesDlg': is not a class or namespace name
C:\Users\willh\source\repos\willyh15\PATH-EASY\CommandAliasManager\src\PreferencesDlg.cpp(8,17): error C4430: missing type specifier - int assumed. Note: C++ does not support default-int
C:\Users\willh\source\repos\willyh15\PATH-EASY\CommandAliasManager\src\PreferencesDlg.cpp(9,17): error C2065: 'IDD_PREFERENCESDIALOG': undeclared identifier
C:\Users\willh\source\repos\willyh15\PATH-EASY\CommandAliasManager\src\PreferencesDlg.cpp(10,1): error C2550: 'PreferencesDlg': constructor initializer lists are only allowed on constructor definitions
C:\Users\willh\source\repos\willyh15\PATH-EASY\CommandAliasManager\src\PreferencesDlg.cpp(11,1): warning C4508: 'PreferencesDlg': function should return a value; 'void' return type assumed
C:\Users\willh\source\repos\willyh15\PATH-EASY\CommandAliasManager\src\PreferencesDlg.cpp(13,6): error C2653: 'PreferencesDlg': is not a class or namespace name
C:\Users\willh\source\repos\willyh15\PATH-EASY\CommandAliasManager\src\PreferencesDlg.cpp(15,5): error C2653: 'CDialogEx': is not a class or namespace name
C:\Users\willh\source\repos\willyh15\PATH-EASY\CommandAliasManager\src\PreferencesDlg.cpp(18,6): error C2653: 'PreferencesDlg': is not a class or namespace name
C:\Users\willh\source\repos\willyh15\PATH-EASY\CommandAliasManager\src\PreferencesDlg.cpp(20,5): error C2653: 'CDialogEx': is not a class or namespace name
C:\Users\willh\source\repos\willyh15\PATH-EASY\CommandAliasManager\src\PreferencesDlg.cpp(21,5): error C3861: 'LoadPreferences': identifier not found
C:\Users\willh\source\repos\willyh15\PATH-EASY\CommandAliasManager\src\PreferencesDlg.cpp(25,6): error C2653: 'PreferencesDlg': is not a class or namespace name
C:\Users\willh\source\repos\willyh15\PATH-EASY\CommandAliasManager\src\PreferencesDlg.cpp(28,5): error C2065: 'm_recentFilesCountCtrl': undeclared identifier
C:\Users\willh\source\repos\willyh15\PATH-EASY\CommandAliasManager\src\PreferencesDlg.cpp(29,5): error C2065: 'm_fileTypeFilterCtrl': undeclared identifier
C:\Users\willh\source\repos\willyh15\PATH-EASY\CommandAliasManager\src\PreferencesDlg.cpp(37,5): error C2065: 'm_numRecentFiles': undeclared identifier
C:\Users\willh\source\repos\willyh15\PATH-EASY\CommandAliasManager\src\PreferencesDlg.cpp(38,5): error C2065: 'm_defaultFileTypeFilter': undeclared identifier
C:\Users\willh\source\repos\willyh15\PATH-EASY\CommandAliasManager\src\PreferencesDlg.cpp(40,5): error C3861: 'SavePreferences': identifier not found
C:\Users\willh\source\repos\willyh15\PATH-EASY\CommandAliasManager\src\PreferencesDlg.cpp(44,6): error C2653: 'PreferencesDlg': is not a class or namespace name
C:\Users\willh\source\repos\willyh15\PATH-EASY\CommandAliasManager\src\PreferencesDlg.cpp(49,6): error C2653: 'PreferencesDlg': is not a class or namespace name
C:\Users\willh\source\repos\willyh15\PATH-EASY\CommandAliasManager\src\PreferencesDlg.cpp(49,22): error C2084: function 'void LoadPreferences(void)' already has a body
      C:\Users\willh\source\repos\willyh15\PATH-EASY\CommandAliasManager\src\PreferencesDlg.cpp(44,22):
      see previous definition of 'LoadPreferences'
  
  MainApp.cpp
  _WIN32_WINNT not defined. Defaulting to _WIN32_WINNT_MAXVER (see WinSDKVer.h)
C:\Users\willh\source\repos\willyh15\PATH-EASY\CommandAliasManager\include\PreferencesDlg.h(5,32): error C2504: 'CDialogEx': base class undefined
  (compiling source file 'src/MainApp.cpp')
  
C:\Users\willh\source\repos\willyh15\PATH-EASY\CommandAliasManager\include\PreferencesDlg.h(9,18): error C2065: 'IDD_PREFERENCES_DIALOG': undeclared identifier
  (compiling source file 'src/MainApp.cpp')
  
C:\Users\willh\source\repos\willyh15\PATH-EASY\CommandAliasManager\include\PreferencesDlg.h(13,18): error C3668: 'CPreferencesDlg::DoDataExchange': method with override specifier 'override' did not override any base class methods
  (compiling source file 'src/MainApp.cpp')
  
C:\Users\willh\source\repos\willyh15\PATH-EASY\CommandAliasManager\include\PreferencesDlg.h(14,18): error C3668: 'CPreferencesDlg::OnInitDialog': method with override specifier 'override' did not override any base class methods
  (compiling source file 'src/MainApp.cpp')
  
C:\Users\willh\source\repos\willyh15\PATH-EASY\CommandAliasManager\include\PreferencesDlg.h(29,5): error C3668: 'CPreferencesDlg::GetMessageMap': method with override specifier 'override' did not override any base class methods
  (compiling source file 'src/MainApp.cpp')
  
C:\Users\willh\source\repos\willyh15\PATH-EASY\CommandAliasManager\include\CommandAliasDlg.h(8,33): error C2504: 'CDialogEx': base class undefined
  (compiling source file 'src/MainApp.cpp')
  
C:\Users\willh\source\repos\willyh15\PATH-EASY\CommandAliasManager\include\CommandAliasDlg.h(14,18): error C3668: 'CCommandAliasDlg::DoDataExchange': method with override specifier 'override' did not override any base class methods
  (compiling source file 'src/MainApp.cpp')
  
C:\Users\willh\source\repos\willyh15\PATH-EASY\CommandAliasManager\include\CommandAliasDlg.h(15,18): error C3668: 'CCommandAliasDlg::OnInitDialog': method with override specifier 'override' did not override any base class methods
  (compiling source file 'src/MainApp.cpp')
  
C:\Users\willh\source\repos\willyh15\PATH-EASY\CommandAliasManager\include\CommandAliasDlg.h(34,5): error C3668: 'CCommandAliasDlg::GetMessageMap': method with override specifier 'override' did not override any base class methods
  (compiling source file 'src/MainApp.cpp')
  
C:\Users\willh\source\repos\willyh15\PATH-EASY\CommandAliasManager\include\MainDlg.h(8,25): error C2504: 'CDialogEx': base class undefined
  (compiling source file 'src/MainApp.cpp')
  
C:\Users\willh\source\repos\willyh15\PATH-EASY\CommandAliasManager\include\MainDlg.h(16,18): error C3668: 'CMainDlg::DoDataExchange': method with override specifier 'override' did not override any base class methods
  (compiling source file 'src/MainApp.cpp')
  
C:\Users\willh\source\repos\willyh15\PATH-EASY\CommandAliasManager\include\MainDlg.h(17,18): error C3668: 'CMainDlg::OnInitDialog': method with override specifier 'override' did not override any base class methods
  (compiling source file 'src/MainApp.cpp')
  
C:\Users\willh\source\repos\willyh15\PATH-EASY\CommandAliasManager\include\MainDlg.h(34,5): error C3668: 'CMainDlg::GetMessageMap': method with override specifier 'override' did not override any base class methods
  (compiling source file 'src/MainApp.cpp')
  
C:\Users\willh\source\repos\willyh15\PATH-EASY\CommandAliasManager\src\MainApp.cpp(6,1): error C2653: 'MainDlg': is not a class or namespace name
C:\Users\willh\source\repos\willyh15\PATH-EASY\CommandAliasManager\src\MainApp.cpp(6,1): error C2270: 'GetMessageMap': modifiers not allowed on nonmember functions
C:\Users\willh\source\repos\willyh15\PATH-EASY\CommandAliasManager\src\MainApp.cpp(6,1): error C3861: 'GetThisMessageMap': identifier not found
C:\Users\willh\source\repos\willyh15\PATH-EASY\CommandAliasManager\src\MainApp.cpp(6,1): error C4430: missing type specifier - int assumed. Note: C++ does not support default-int
C:\Users\willh\source\repos\willyh15\PATH-EASY\CommandAliasManager\src\MainApp.cpp(6,1): error C2146: syntax error: missing ';' before identifier 'ThisClass'
C:\Users\willh\source\repos\willyh15\PATH-EASY\CommandAliasManager\src\MainApp.cpp(6,1): error C2065: 'ThisClass': undeclared identifier
C:\Users\willh\source\repos\willyh15\PATH-EASY\CommandAliasManager\src\MainApp.cpp(6,1): error C2146: syntax error: missing ';' before identifier 'TheBaseClass'
C:\Users\willh\source\repos\willyh15\PATH-EASY\CommandAliasManager\src\MainApp.cpp(6,1): error C2065: 'TheBaseClass': undeclared identifier
C:\Users\willh\source\repos\willyh15\PATH-EASY\CommandAliasManager\src\MainApp.cpp(7,5): error C2065: 'IDC_COMMAND_ALIAS_BUTTON': undeclared identifier
C:\Users\willh\source\repos\willyh15\PATH-EASY\CommandAliasManager\src\MainApp.cpp(7,5): error C2825: 'GetThisMessageMap::MainDlg': must be a class or namespace when followed by '::'
C:\Users\willh\source\repos\willyh15\PATH-EASY\CommandAliasManager\src\MainApp.cpp(7,5): error C2510: 'MainDlg': left of '::' must be a class/struct/union
C:\Users\willh\source\repos\willyh15\PATH-EASY\CommandAliasManager\src\MainApp.cpp(7,5): error C2065: 'OnCommandAliasClicked': undeclared identifier
C:\Users\willh\source\repos\willyh15\PATH-EASY\CommandAliasManager\src\MainApp.cpp(8,5): error C2065: 'IDC_FILE_BROWSER_BUTTON': undeclared identifier
C:\Users\willh\source\repos\willyh15\PATH-EASY\CommandAliasManager\src\MainApp.cpp(8,5): error C2825: 'GetThisMessageMap::MainDlg': must be a class or namespace when followed by '::'
C:\Users\willh\source\repos\willyh15\PATH-EASY\CommandAliasManager\src\MainApp.cpp(8,5): error C2510: 'MainDlg': left of '::' must be a class/struct/union
C:\Users\willh\source\repos\willyh15\PATH-EASY\CommandAliasManager\src\MainApp.cpp(8,5): error C2065: 'OnFileBrowserClicked': undeclared identifier
C:\Users\willh\source\repos\willyh15\PATH-EASY\CommandAliasManager\src\MainApp.cpp(9,5): error C2065: 'IDC_PREFERENCES_BUTTON': undeclared identifier
C:\Users\willh\source\repos\willyh15\PATH-EASY\CommandAliasManager\src\MainApp.cpp(9,5): error C2825: 'GetThisMessageMap::MainDlg': must be a class or namespace when followed by '::'
C:\Users\willh\source\repos\willyh15\PATH-EASY\CommandAliasManager\src\MainApp.cpp(9,5): error C2510: 'MainDlg': left of '::' must be a class/struct/union
C:\Users\willh\source\repos\willyh15\PATH-EASY\CommandAliasManager\src\MainApp.cpp(9,5): error C2065: 'OnPreferencesClicked': undeclared identifier
C:\Users\willh\source\repos\willyh15\PATH-EASY\CommandAliasManager\src\MainApp.cpp(6,1): error C2737: '_messageEntries': const object must be initialized
C:\Users\willh\source\repos\willyh15\PATH-EASY\CommandAliasManager\src\MainApp.cpp(10,1): error C2653: 'TheBaseClass': is not a class or namespace name
C:\Users\willh\source\repos\willyh15\PATH-EASY\CommandAliasManager\src\MainApp.cpp(10,1): error C2737: 'messageMap': const object must be initialized
C:\Users\willh\source\repos\willyh15\PATH-EASY\CommandAliasManager\src\MainApp.cpp(12,1): error C2653: 'MainDlg': is not a class or namespace name
C:\Users\willh\source\repos\willyh15\PATH-EASY\CommandAliasManager\src\MainApp.cpp(12,10): error C4430: missing type specifier - int assumed. Note: C++ does not support default-int
C:\Users\willh\source\repos\willyh15\PATH-EASY\CommandAliasManager\src\MainApp.cpp(13,17): error C2065: 'IDD_MAINDIALOG': undeclared identifier
C:\Users\willh\source\repos\willyh15\PATH-EASY\CommandAliasManager\src\MainApp.cpp(14,1): error C2550: 'MainDlg': constructor initializer lists are only allowed on constructor definitions
C:\Users\willh\source\repos\willyh15\PATH-EASY\CommandAliasManager\src\MainApp.cpp(15,1): warning C4508: 'MainDlg': function should return a value; 'void' return type assumed
C:\Users\willh\source\repos\willyh15\PATH-EASY\CommandAliasManager\src\MainApp.cpp(17,6): error C2653: 'MainDlg': is not a class or namespace name
C:\Users\willh\source\repos\willyh15\PATH-EASY\CommandAliasManager\src\MainApp.cpp(19,5): error C2653: 'CDialogEx': is not a class or namespace name
C:\Users\willh\source\repos\willyh15\PATH-EASY\CommandAliasManager\src\MainApp.cpp(22,6): error C2653: 'MainDlg': is not a class or namespace name
C:\Users\willh\source\repos\willyh15\PATH-EASY\CommandAliasManager\src\MainApp.cpp(24,5): error C2653: 'CDialogEx': is not a class or namespace name
C:\Users\willh\source\repos\willyh15\PATH-EASY\CommandAliasManager\src\MainApp.cpp(28,6): error C2653: 'MainDlg': is not a class or namespace name
C:\Users\willh\source\repos\willyh15\PATH-EASY\CommandAliasManager\src\MainApp.cpp(30,5): error C2065: 'CommandAliasDlg': undeclared identifier
C:\Users\willh\source\repos\willyh15\PATH-EASY\CommandAliasManager\src\MainApp.cpp(30,21): error C2146: syntax error: missing ';' before identifier 'commandAliasDlg'
C:\Users\willh\source\repos\willyh15\PATH-EASY\CommandAliasManager\src\MainApp.cpp(30,21): error C2065: 'commandAliasDlg': undeclared identifier
C:\Users\willh\source\repos\willyh15\PATH-EASY\CommandAliasManager\src\MainApp.cpp(31,5): error C2065: 'commandAliasDlg': undeclared identifier
C:\Users\willh\source\repos\willyh15\PATH-EASY\CommandAliasManager\src\MainApp.cpp(34,6): error C2653: 'MainDlg': is not a class or namespace name
C:\Users\willh\source\repos\willyh15\PATH-EASY\CommandAliasManager\src\MainApp.cpp(36,5): error C2065: 'FileBrowserDlg': undeclared identifier
C:\Users\willh\source\repos\willyh15\PATH-EASY\CommandAliasManager\src\MainApp.cpp(36,20): error C2146: syntax error: missing ';' before identifier 'fileBrowserDlg'
C:\Users\willh\source\repos\willyh15\PATH-EASY\CommandAliasManager\src\MainApp.cpp(36,20): error C2065: 'fileBrowserDlg': undeclared identifier
C:\Users\willh\source\repos\willyh15\PATH-EASY\CommandAliasManager\src\MainApp.cpp(37,5): error C2065: 'fileBrowserDlg': undeclared identifier
C:\Users\willh\source\repos\willyh15\PATH-EASY\CommandAliasManager\src\MainApp.cpp(40,6): error C2653: 'MainDlg': is not a class or namespace name
C:\Users\willh\source\repos\willyh15\PATH-EASY\CommandAliasManager\src\MainApp.cpp(42,5): error C2065: 'PreferencesDlg': undeclared identifier
C:\Users\willh\source\repos\willyh15\PATH-EASY\CommandAliasManager\src\MainApp.cpp(42,20): error C2146: syntax error: missing ';' before identifier 'preferencesDlg'
C:\Users\willh\source\repos\willyh15\PATH-EASY\CommandAliasManager\src\MainApp.cpp(42,20): error C2065: 'preferencesDlg': undeclared identifier
C:\Users\willh\source\repos\willyh15\PATH-EASY\CommandAliasManager\src\MainApp.cpp(43,5): error C2065: 'preferencesDlg': undeclared identifier
  Generating Code...
